2021-04-13 08:56:35.682  INFO 68004 --- [main] com.example.library.LibraryApplication   : Starting LibraryApplication using Java 1.8.0_275 on MacBook-Pro-cua-ty.local with PID 68004 (/Users/tynguyen/IdeaProjects/C1120G1-NguyenHoangBaoNgoc/Module 4/Session_09/BaiTap/Library/build/classes/java/main started by tynguyen in /Users/tynguyen/IdeaProjects/C1120G1-NguyenHoangBaoNgoc/Module 4/Session_09/BaiTap/Library)
2021-04-13 08:56:35.699  INFO 68004 --- [main] com.example.library.LibraryApplication   : No active profile set, falling back to default profiles: default
2021-04-13 08:56:36.942  INFO 68004 --- [main] .s.d.r.c.RepositoryConfigurationDelegate : Bootstrapping Spring Data JPA repositories in DEFAULT mode.
2021-04-13 08:56:37.018  INFO 68004 --- [main] .s.d.r.c.RepositoryConfigurationDelegate : Finished Spring Data repository scanning in 64 ms. Found 1 JPA repository interfaces.
2021-04-13 08:56:37.810  INFO 68004 --- [main] o.s.b.w.embedded.tomcat.TomcatWebServer  : Tomcat initialized with port(s): 8080 (http)
2021-04-13 08:56:37.822  INFO 68004 --- [main] o.apache.catalina.core.StandardService   : Starting service [Tomcat]
2021-04-13 08:56:37.823  INFO 68004 --- [main] org.apache.catalina.core.StandardEngine  : Starting Servlet engine: [Apache Tomcat/9.0.44]
2021-04-13 08:56:37.920  INFO 68004 --- [main] o.a.c.c.C.[Tomcat].[localhost].[/]       : Initializing Spring embedded WebApplicationContext
2021-04-13 08:56:37.920  INFO 68004 --- [main] w.s.c.ServletWebServerApplicationContext : Root WebApplicationContext: initialization completed in 2110 ms
2021-04-13 08:56:38.154  INFO 68004 --- [main] o.hibernate.jpa.internal.util.LogHelper  : HHH000204: Processing PersistenceUnitInfo [name: default]
2021-04-13 08:56:38.231  INFO 68004 --- [main] org.hibernate.Version                    : HHH000412: Hibernate ORM core version 5.4.29.Final
2021-04-13 08:56:38.481  INFO 68004 --- [main] o.hibernate.annotations.common.Version   : HCANN000001: Hibernate Commons Annotations {5.1.2.Final}
2021-04-13 08:56:38.577  INFO 68004 --- [main] com.zaxxer.hikari.HikariDataSource       : HikariPool-1 - Starting...
2021-04-13 08:56:39.028  INFO 68004 --- [main] com.zaxxer.hikari.HikariDataSource       : HikariPool-1 - Start completed.
2021-04-13 08:56:39.056  INFO 68004 --- [main] org.hibernate.dialect.Dialect            : HHH000400: Using dialect: org.hibernate.dialect.MySQL8Dialect
2021-04-13 08:56:39.761  INFO 68004 --- [main] o.h.e.t.j.p.i.JtaPlatformInitiator       : HHH000490: Using JtaPlatform implementation: [org.hibernate.engine.transaction.jta.platform.internal.NoJtaPlatform]
2021-04-13 08:56:39.771  INFO 68004 --- [main] j.LocalContainerEntityManagerFactoryBean : Initialized JPA EntityManagerFactory for persistence unit 'default'
2021-04-13 08:56:40.132  WARN 68004 --- [main] JpaBaseConfiguration$JpaWebConfiguration : spring.jpa.open-in-view is enabled by default. Therefore, database queries may be performed during view rendering. Explicitly configure spring.jpa.open-in-view to disable this warning
2021-04-13 08:56:40.254  INFO 68004 --- [main] o.s.s.concurrent.ThreadPoolTaskExecutor  : Initializing ExecutorService 'applicationTaskExecutor'
2021-04-13 08:56:40.346  INFO 68004 --- [main] o.s.b.a.w.s.WelcomePageHandlerMapping    : Adding welcome page template: index
2021-04-13 08:56:40.529  INFO 68004 --- [main] o.s.b.w.embedded.tomcat.TomcatWebServer  : Tomcat started on port(s): 8080 (http) with context path ''
2021-04-13 08:56:40.537  INFO 68004 --- [main] com.example.library.LibraryApplication   : Started LibraryApplication in 5.35 seconds (JVM running for 5.96)
2021-04-13 08:56:45.926  INFO 68004 --- [http-nio-8080-exec-1] o.a.c.c.C.[Tomcat].[localhost].[/]       : Initializing Spring DispatcherServlet 'dispatcherServlet'
2021-04-13 08:56:45.926  INFO 68004 --- [http-nio-8080-exec-1] o.s.web.servlet.DispatcherServlet        : Initializing Servlet 'dispatcherServlet'
2021-04-13 08:56:45.928  INFO 68004 --- [http-nio-8080-exec-1] o.s.web.servlet.DispatcherServlet        : Completed initialization in 2 ms
2021-04-13 09:00:54.616  INFO 68004 --- [SpringContextShutdownHook] o.s.s.concurrent.ThreadPoolTaskExecutor  : Shutting down ExecutorService 'applicationTaskExecutor'
2021-04-13 09:00:54.617  INFO 68004 --- [SpringContextShutdownHook] j.LocalContainerEntityManagerFactoryBean : Closing JPA EntityManagerFactory for persistence unit 'default'
2021-04-13 09:00:54.620  INFO 68004 --- [SpringContextShutdownHook] com.zaxxer.hikari.HikariDataSource       : HikariPool-1 - Shutdown initiated...
2021-04-13 09:00:54.631  INFO 68004 --- [SpringContextShutdownHook] com.zaxxer.hikari.HikariDataSource       : HikariPool-1 - Shutdown completed.
